<?xml version="1.0" encoding="UTF-8"?>
<testsuite name="edu.uoc.uocoban.model.entities.WallTest" tests="6" skipped="0" failures="0" errors="0" timestamp="2023-06-26T22:52:07" hostname="LAPTOP-145NJ7KA" time="0.003">
  <properties/>
  <testcase name="Sanity Wall - Class definition" classname="edu.uoc.uocoban.model.entities.WallTest" time="0.0"/>
  <testcase name="Sanity Wall - Methods definition" classname="edu.uoc.uocoban.model.entities.WallTest" time="0.001"/>
  <testcase name="testIsPathable()" classname="edu.uoc.uocoban.model.entities.WallTest" time="0.001"/>
  <testcase name="Sanity Wall - Fields definition" classname="edu.uoc.uocoban.model.entities.WallTest" time="0.0"/>
  <testcase name="testConstructor()" classname="edu.uoc.uocoban.model.entities.WallTest" time="0.001"/>
  <testcase name="testSetPosition()" classname="edu.uoc.uocoban.model.entities.WallTest" time="0.0"/>
  <system-out><![CDATA[]]></system-out>
  <system-err><![CDATA[]]></system-err>
</testsuite>
